Using pre-set license
Built from '2020.3/staging' branch; Version is '2020.3.0f1 (c7b5465681fb) revision 13088070'; Using compiler version '192528614'; Build Type 'Release'
OS: 'Windows 10 Pro; OS build 19045.4894; Version 2009; 64bit' Language: 'pt' Physical Memory: 8147 MB
BatchMode: 1, IsHumanControllingUs: 0, StartBugReporterOnCrash: 0, Is64bit: 1, IsPro: 0

 COMMAND LINE ARGUMENTS:
C:\Program Files\Unity\Hub\Editor\2020.3.0f1\Editor\Unity.exe
-adb2
-batchMode
-noUpm
-name
AssetImportWorker0
-projectPath
C:/Users/Matheus/Ball revange
-logFile
Logs/AssetImportWorker0.log
-srvPort
56116
Successfully changed project path to: C:/Users/Matheus/Ball revange
C:/Users/Matheus/Ball revange
Using Asset Import Pipeline V2.
Refreshing native plugins compatible for Editor in 36.89 ms, found 0 plugins.
Preloading 0 native plugins for Editor in 0.00 ms.
Initialize engine version: 2020.3.0f1 (c7b5465681fb)
[Subsystems] Discovering subsystems at path C:/Program Files/Unity/Hub/Editor/2020.3.0f1/Editor/Data/Resources/UnitySubsystems
[Subsystems] Discovering subsystems at path C:/Users/Matheus/Ball revange/Assets
GfxDevice: creating device client; threaded=0
Direct3D:
    Version:  Direct3D 11.0 [level 11.0]
    Renderer: NVIDIA GeForce GT 710 (ID=0x128b)
    Vendor:   
    VRAM:     2007 MB
    Driver:   30.0.14.7514
Initialize mono
Mono path[0] = 'C:/Program Files/Unity/Hub/Editor/2020.3.0f1/Editor/Data/Managed'
Mono path[1] = 'C:/Program Files/Unity/Hub/Editor/2020.3.0f1/Editor/Data/MonoBleedingEdge/lib/mono/unityjit'
Mono config path = 'C:/Program Files/Unity/Hub/Editor/2020.3.0f1/Editor/Data/MonoBleedingEdge/etc'
Using monoOptions --debugger-agent=transport=dt_socket,embedding=1,server=y,suspend=n,address=127.0.0.1:56868
Begin MonoManager ReloadAssembly
Registering precompiled unity dll's ...
Register platform support module: C:/Program Files/Unity/Hub/Editor/2020.3.0f1/Editor/Data/PlaybackEngines/WindowsStandaloneSupport/UnityEditor.WindowsStandalone.Extensions.dll
Registered in 0.002882 seconds.
Native extension for WindowsStandalone target not found
Refreshing native plugins compatible for Editor in 34.90 ms, found 0 plugins.
Preloading 0 native plugins for Editor in 0.00 ms.
Invoked RoslynAnalysisRunner static constructor.
RoslynAnalysisRunner will not be running.
RoslynAnalysisRunner has terminated.
Mono: successfully reloaded assembly
- Completed reload, in  1.304 seconds
Platform modules already initialized, skipping
Registering precompiled user dll's ...
Registered in 0.000843 seconds.
Begin MonoManager ReloadAssembly
Native extension for WindowsStandalone target not found
Refreshing native plugins compatible for Editor in 0.27 ms, found 0 plugins.
Preloading 0 native plugins for Editor in 0.00 ms.
Invoked RoslynAnalysisRunner static constructor.
RoslynAnalysisRunner will not be running.
RoslynAnalysisRunner has terminated.
Mono: successfully reloaded assembly
- Completed reload, in  1.024 seconds
Platform modules already initialized, skipping
========================================================================
Worker process is ready to serve import requests
Launched and connected shader compiler UnityShaderCompiler.exe after 0.05 seconds
Refreshing native plugins compatible for Editor in 0.27 ms, found 0 plugins.
Preloading 0 native plugins for Editor in 0.00 ms.
Unloading 1173 Unused Serialized files (Serialized files now loaded: 0)
System memory in use before: 66.8 MB.
System memory in use after: 66.9 MB.

Unloading 9 unused Assets to reduce memory usage. Loaded Objects now: 1619.
Total: 2.189100 ms (FindLiveObjects: 0.217400 ms CreateObjectMapping: 0.063400 ms MarkObjects: 1.822300 ms  DeleteObjects: 0.084800 ms)

========================================================================
Received Import Request.
  path: Assets/Materials/Estoura osso!.png
  artifactKey: Guid(b66905a82ab959e49b9caa6b39f9216a) Importer(815301076,1909f56bfc062723c751e8b465ee728b)
Start importing Assets/Materials/Estoura osso!.png using Guid(b66905a82ab959e49b9caa6b39f9216a) Importer(815301076,1909f56bfc062723c751e8b465ee728b)  -> (artifact id: '5254af235823f54dfe9049ec51dae275') in 0.165942 seconds
  Import took 0.169904 seconds .

========================================================================
Received Import Request.
  Time since last request: 40.380581 seconds.
  path: Assets/Kevin Iglesias/3D Character Dummy/Textures/Outline/3DCharacterDummyOutline.mat
  artifactKey: Guid(14948590691ea624caa281f0cb53ed57) Importer(815301076,1909f56bfc062723c751e8b465ee728b)
Start importing Assets/Kevin Iglesias/3D Character Dummy/Textures/Outline/3DCharacterDummyOutline.mat using Guid(14948590691ea624caa281f0cb53ed57) Importer(815301076,1909f56bfc062723c751e8b465ee728b)  -> (artifact id: '2be3f3a6dc36fbb2cb1280ed0b9009fb') in 0.111798 seconds
  Import took 0.116066 seconds .

========================================================================
Received Import Request.
  Time since last request: 0.000230 seconds.
  path: Assets/TextMesh Pro/Examples & Extras/Resources/Fonts & Materials/Anton SDF.asset
  artifactKey: Guid(8a89fa14b10d46a99122fd4f73fca9a2) Importer(815301076,1909f56bfc062723c751e8b465ee728b)
Start importing Assets/TextMesh Pro/Examples & Extras/Resources/Fonts & Materials/Anton SDF.asset using Guid(8a89fa14b10d46a99122fd4f73fca9a2) Importer(815301076,1909f56bfc062723c751e8b465ee728b)  -> (artifact id: '123aba97ff065e9d06926212204dd528') in 0.065911 seconds
  Import took 0.069529 seconds .

========================================================================
Received Import Request.
  Time since last request: 0.000233 seconds.
  path: Assets/TextMesh Pro/Examples & Extras/Resources/Fonts & Materials/Anton SDF - Drop Shadow.mat
  artifactKey: Guid(749b9069dc4742c5bfa5c74644049926) Importer(815301076,1909f56bfc062723c751e8b465ee728b)
Start importing Assets/TextMesh Pro/Examples & Extras/Resources/Fonts & Materials/Anton SDF - Drop Shadow.mat using Guid(749b9069dc4742c5bfa5c74644049926) Importer(815301076,1909f56bfc062723c751e8b465ee728b)  -> (artifact id: 'af12729bfa6eb8c978c5f71bc251af59') in 0.120638 seconds
  Import took 0.124412 seconds .

========================================================================
Received Import Request.
  Time since last request: 0.000218 seconds.
  path: Assets/Materials/Materials/60e5a1c72e0f95355a1db00a638d6abe.mat
  artifactKey: Guid(14f1065813cdef3458f043d9ae4589c4) Importer(815301076,1909f56bfc062723c751e8b465ee728b)
Start importing Assets/Materials/Materials/60e5a1c72e0f95355a1db00a638d6abe.mat using Guid(14f1065813cdef3458f043d9ae4589c4) Importer(815301076,1909f56bfc062723c751e8b465ee728b)  -> (artifact id: 'd4a95ad229952737eeb6a3ec61c3ea42') in 0.021057 seconds
  Import took 0.025030 seconds .

========================================================================
Received Import Request.
  Time since last request: 0.000219 seconds.
  path: Assets/TextMesh Pro/Examples & Extras/Resources/Fonts & Materials/Bangers SDF - Outline.mat
  artifactKey: Guid(f629c6e43dba4bf38cb74d8860150664) Importer(815301076,1909f56bfc062723c751e8b465ee728b)
Start importing Assets/TextMesh Pro/Examples & Extras/Resources/Fonts & Materials/Bangers SDF - Outline.mat using Guid(f629c6e43dba4bf38cb74d8860150664) Importer(815301076,1909f56bfc062723c751e8b465ee728b)  -> (artifact id: '463e424979fe0d2bc0e5c40b4292ffe0') in 0.095122 seconds
  Import took 0.098776 seconds .

========================================================================
Received Import Request.
  Time since last request: 0.000229 seconds.
  path: Assets/TextMesh Pro/Examples & Extras/Resources/Fonts & Materials/Anton SDF - Sunny Days.mat
  artifactKey: Guid(6522f30e342599e4e9dd4cc2cc03c830) Importer(815301076,1909f56bfc062723c751e8b465ee728b)
Start importing Assets/TextMesh Pro/Examples & Extras/Resources/Fonts & Materials/Anton SDF - Sunny Days.mat using Guid(6522f30e342599e4e9dd4cc2cc03c830) Importer(815301076,1909f56bfc062723c751e8b465ee728b)  -> (artifact id: '7e844631ce3993cbd1cad5f69551b5fa') in 0.163195 seconds
  Import took 0.166197 seconds .

========================================================================
Received Import Request.
  Time since last request: 0.000313 seconds.
  path: Assets/TextMesh Pro/Examples & Extras/Resources/Fonts & Materials/Bangers SDF - Drop Shadow.mat
  artifactKey: Guid(f2dcf029949142e28b974630369c8b4e) Importer(815301076,1909f56bfc062723c751e8b465ee728b)
Start importing Assets/TextMesh Pro/Examples & Extras/Resources/Fonts & Materials/Bangers SDF - Drop Shadow.mat using Guid(f2dcf029949142e28b974630369c8b4e) Importer(815301076,1909f56bfc062723c751e8b465ee728b)  -> (artifact id: '84f773468aee81377c900154f8f53ff3') in 0.028180 seconds
  Import took 0.031009 seconds .

========================================================================
Received Import Request.
  Time since last request: 0.000231 seconds.
  path: Assets/TextMesh Pro/Examples & Extras/Resources/Fonts & Materials/Anton SDF - Outline.mat
  artifactKey: Guid(a00013af81304728b2be1f4309ee2433) Importer(815301076,1909f56bfc062723c751e8b465ee728b)
Start importing Assets/TextMesh Pro/Examples & Extras/Resources/Fonts & Materials/Anton SDF - Outline.mat using Guid(a00013af81304728b2be1f4309ee2433) Importer(815301076,1909f56bfc062723c751e8b465ee728b)  -> (artifact id: 'cb8f9685f6662a117a3768c6ebadb330') in 0.037224 seconds
  Import took 0.041153 seconds .

========================================================================
Received Import Request.
  Time since last request: 0.000275 seconds.
  path: Assets/Kevin Iglesias/3D Character Dummy/Textures/Outline/3DCharacterDummyOutline.mat
  artifactKey: Guid(14948590691ea624caa281f0cb53ed57) Importer(815301076,1909f56bfc062723c751e8b465ee728b)
Start importing Assets/Kevin Iglesias/3D Character Dummy/Textures/Outline/3DCharacterDummyOutline.mat using Guid(14948590691ea624caa281f0cb53ed57) Importer(815301076,1909f56bfc062723c751e8b465ee728b)  -> (artifact id: '2be3f3a6dc36fbb2cb1280ed0b9009fb') in 0.011108 seconds
  Import took 0.014475 seconds .

========================================================================
Received Import Request.
  Time since last request: 0.000222 seconds.
  path: Assets/TextMesh Pro/Examples & Extras/Resources/Fonts & Materials/Anton SDF - Outline.mat
  artifactKey: Guid(a00013af81304728b2be1f4309ee2433) Importer(815301076,1909f56bfc062723c751e8b465ee728b)
Start importing Assets/TextMesh Pro/Examples & Extras/Resources/Fonts & Materials/Anton SDF - Outline.mat using Guid(a00013af81304728b2be1f4309ee2433) Importer(815301076,1909f56bfc062723c751e8b465ee728b)  -> (artifact id: 'cb8f9685f6662a117a3768c6ebadb330') in 0.021915 seconds
  Import took 0.024598 seconds .

========================================================================
Received Import Request.
  Time since last request: 0.523841 seconds.
  path: Assets/TextMesh Pro/Examples & Extras/Resources/Fonts & Materials/Bangers SDF Glow.mat
  artifactKey: Guid(d75b8f41e959450c84ac6e967084d3e1) Importer(815301076,1909f56bfc062723c751e8b465ee728b)
Start importing Assets/TextMesh Pro/Examples & Extras/Resources/Fonts & Materials/Bangers SDF Glow.mat using Guid(d75b8f41e959450c84ac6e967084d3e1) Importer(815301076,1909f56bfc062723c751e8b465ee728b)  -> (artifact id: 'dc1d0876bfd9713c6e9a04e0364c6769') in 0.123624 seconds
  Import took 0.127713 seconds .

========================================================================
Received Import Request.
  Time since last request: 0.000262 seconds.
  path: Assets/TextMesh Pro/Examples & Extras/Resources/Fonts & Materials/Bangers SDF Logo.mat
  artifactKey: Guid(f4e195ac1e204eff960149d1cb34e18c) Importer(815301076,1909f56bfc062723c751e8b465ee728b)
Start importing Assets/TextMesh Pro/Examples & Extras/Resources/Fonts & Materials/Bangers SDF Logo.mat using Guid(f4e195ac1e204eff960149d1cb34e18c) Importer(815301076,1909f56bfc062723c751e8b465ee728b)  -> (artifact id: '4206c3f908f577b290fb21dbca08e5df') in 0.333539 seconds
  Import took 0.336173 seconds .

========================================================================
Received Import Request.
  Time since last request: 3.543750 seconds.
  path: Assets/TextMesh Pro/Examples & Extras/Resources/Fonts & Materials/Bangers SDF.asset
  artifactKey: Guid(125cb55b44b24c4393181402bc6200e6) Importer(815301076,1909f56bfc062723c751e8b465ee728b)
Start importing Assets/TextMesh Pro/Examples & Extras/Resources/Fonts & Materials/Bangers SDF.asset using Guid(125cb55b44b24c4393181402bc6200e6) Importer(815301076,1909f56bfc062723c751e8b465ee728b)  -> (artifact id: 'e75a260bb66c09ab6fef4a6ab8befbe1') in 0.028783 seconds
  Import took 0.031950 seconds .

========================================================================
Received Import Request.
  Time since last request: 0.065094 seconds.
  path: Assets/TextMesh Pro/Examples & Extras/Materials/Crate - Surface Shader Scene.mat
  artifactKey: Guid(e6b9b44320f4448d9d5e0ee634259966) Importer(815301076,1909f56bfc062723c751e8b465ee728b)
Start importing Assets/TextMesh Pro/Examples & Extras/Materials/Crate - Surface Shader Scene.mat using Guid(e6b9b44320f4448d9d5e0ee634259966) Importer(815301076,1909f56bfc062723c751e8b465ee728b)  -> (artifact id: 'a13ec91aeb004fe2c97f08b4158d9373') in 0.297784 seconds
  Import took 0.300502 seconds .

========================================================================
Received Import Request.
  Time since last request: 0.000243 seconds.
  path: Assets/Kevin Iglesias/3D Character Dummy/Textures/DummyType01/DummyType01.mat
  artifactKey: Guid(dc3ec7e589e1c904586b76f8caea204a) Importer(815301076,1909f56bfc062723c751e8b465ee728b)
Start importing Assets/Kevin Iglesias/3D Character Dummy/Textures/DummyType01/DummyType01.mat using Guid(dc3ec7e589e1c904586b76f8caea204a) Importer(815301076,1909f56bfc062723c751e8b465ee728b)  -> (artifact id: '73be3acdffc17407c685d8a9ad6588f4') in 0.026652 seconds
  Import took 0.030364 seconds .

========================================================================
Received Import Request.
  Time since last request: 0.000261 seconds.
  path: Assets/Kevin Iglesias/3D Character Dummy/Textures/DummyType01/DummyType01 URP.mat
  artifactKey: Guid(7720d40ff614aff4c973a5bf0aecd1c1) Importer(815301076,1909f56bfc062723c751e8b465ee728b)
Start importing Assets/Kevin Iglesias/3D Character Dummy/Textures/DummyType01/DummyType01 URP.mat using Guid(7720d40ff614aff4c973a5bf0aecd1c1) Importer(815301076,1909f56bfc062723c751e8b465ee728b)  -> (artifact id: '53d4436f07e3fbe5d3f59f9c29b1b158') in 0.050406 seconds
  Import took 0.053519 seconds .

========================================================================
Received Import Request.
  Time since last request: 0.000224 seconds.
  path: Assets/Kevin Iglesias/3D Character Dummy/Textures/DummyType02/DummyType02.mat
  artifactKey: Guid(c9087d14fb2d92e4a8c28464bac90e30) Importer(815301076,1909f56bfc062723c751e8b465ee728b)
Start importing Assets/Kevin Iglesias/3D Character Dummy/Textures/DummyType02/DummyType02.mat using Guid(c9087d14fb2d92e4a8c28464bac90e30) Importer(815301076,1909f56bfc062723c751e8b465ee728b)  -> (artifact id: 'b9e91d9f795a4cab9fccf3673efc555c') in 0.027853 seconds
  Import took 0.030985 seconds .

========================================================================
Received Import Request.
  Time since last request: 0.000251 seconds.
  path: Assets/Kevin Iglesias/3D Character Dummy/Textures/DummyType02/DummyType02 HDRP.mat
  artifactKey: Guid(99c1cbbcff483a4429bca22aa4b034f0) Importer(815301076,1909f56bfc062723c751e8b465ee728b)
Start importing Assets/Kevin Iglesias/3D Character Dummy/Textures/DummyType02/DummyType02 HDRP.mat using Guid(99c1cbbcff483a4429bca22aa4b034f0) Importer(815301076,1909f56bfc062723c751e8b465ee728b)  -> (artifact id: '30690f9484977c5fc0e201aede58e43b') in 0.028521 seconds
  Import took 0.032101 seconds .

========================================================================
Received Import Request.
  Time since last request: 0.000233 seconds.
  path: Assets/Kevin Iglesias/3D Character Dummy/Textures/DummyType01/DummyType01 HDRP.mat
  artifactKey: Guid(a78facda584e1a640b8507f087e129c3) Importer(815301076,1909f56bfc062723c751e8b465ee728b)
Start importing Assets/Kevin Iglesias/3D Character Dummy/Textures/DummyType01/DummyType01 HDRP.mat using Guid(a78facda584e1a640b8507f087e129c3) Importer(815301076,1909f56bfc062723c751e8b465ee728b)  -> (artifact id: 'f239a50951e135b2fe3f356303807e86') in 0.030720 seconds
  Import took 0.033376 seconds .

========================================================================
Received Import Request.
  Time since last request: 0.036540 seconds.
  path: Assets/Kevin Iglesias/3D Character Dummy/Textures/DummyType02/DummyType02 URP.mat
  artifactKey: Guid(58eae649e901e61479dad103bf13e5f7) Importer(815301076,1909f56bfc062723c751e8b465ee728b)
Start importing Assets/Kevin Iglesias/3D Character Dummy/Textures/DummyType02/DummyType02 URP.mat using Guid(58eae649e901e61479dad103bf13e5f7) Importer(815301076,1909f56bfc062723c751e8b465ee728b)  -> (artifact id: 'a7cbdb10cd0bf12bad1869d2139d5ac8') in 0.031688 seconds
  Import took 0.035828 seconds .

========================================================================
Received Import Request.
  Time since last request: 0.000214 seconds.
  path: Assets/TextMesh Pro/Examples & Extras/Resources/Fonts & Materials/Electronic Highway Sign SDF.asset
  artifactKey: Guid(dc36b3fdc14f47ebb36fd484a67e268a) Importer(815301076,1909f56bfc062723c751e8b465ee728b)
Start importing Assets/TextMesh Pro/Examples & Extras/Resources/Fonts & Materials/Electronic Highway Sign SDF.asset using Guid(dc36b3fdc14f47ebb36fd484a67e268a) Importer(815301076,1909f56bfc062723c751e8b465ee728b)  -> (artifact id: '9683228ee23afae28d89c4e19f57b834') in 0.022789 seconds
  Import took 0.027734 seconds .

========================================================================
Received Import Request.
  Time since last request: 0.000246 seconds.
  path: Assets/TextMesh Pro/Examples & Extras/Fonts/Oswald-Bold.ttf
  artifactKey: Guid(c9f6d0e7bc8541498c9a4799ba184ede) Importer(815301076,1909f56bfc062723c751e8b465ee728b)
Start importing Assets/TextMesh Pro/Examples & Extras/Fonts/Oswald-Bold.ttf using Guid(c9f6d0e7bc8541498c9a4799ba184ede) Importer(815301076,1909f56bfc062723c751e8b465ee728b)  -> (artifact id: '7a07dfc0fd77618653d896a3ad000e19') in 0.053656 seconds
  Import took 0.057155 seconds .

========================================================================
Received Import Request.
  Time since last request: 0.000191 seconds.
  path: Assets/TextMesh Pro/Examples & Extras/Fonts/Roboto-Bold.ttf
  artifactKey: Guid(4beb055f07aaff244873dec698d0363e) Importer(815301076,1909f56bfc062723c751e8b465ee728b)
Start importing Assets/TextMesh Pro/Examples & Extras/Fonts/Roboto-Bold.ttf using Guid(4beb055f07aaff244873dec698d0363e) Importer(815301076,1909f56bfc062723c751e8b465ee728b)  -> (artifact id: '1ec78cbbdf223803bbc92d2a10dbb0af') in 0.039975 seconds
  Import took 0.043009 seconds .

========================================================================
Received Import Request.
  Time since last request: 0.000309 seconds.
  path: Assets/TextMesh Pro/Examples & Extras/Fonts/Electronic Highway Sign.TTF
  artifactKey: Guid(8a2b9e2a607dd2143b58c44bc32410b4) Importer(815301076,1909f56bfc062723c751e8b465ee728b)
Start importing Assets/TextMesh Pro/Examples & Extras/Fonts/Electronic Highway Sign.TTF using Guid(8a2b9e2a607dd2143b58c44bc32410b4) Importer(815301076,1909f56bfc062723c751e8b465ee728b)  -> (artifact id: '2accbd8402a2ad4cd68fec503a77905c') in 0.021292 seconds
  Import took 0.024274 seconds .

========================================================================
Received Import Request.
  Time since last request: 0.000238 seconds.
  path: Assets/TextMesh Pro/Examples & Extras/Fonts/Anton.ttf
  artifactKey: Guid(997a43b767814dd0a7642ec9b78cba41) Importer(815301076,1909f56bfc062723c751e8b465ee728b)
Start importing Assets/TextMesh Pro/Examples & Extras/Fonts/Anton.ttf using Guid(997a43b767814dd0a7642ec9b78cba41) Importer(815301076,1909f56bfc062723c751e8b465ee728b)  -> (artifact id: '2accfbb793a1dfdabffc778dacb47ddf') in 0.036386 seconds
  Import took 0.039217 seconds .

========================================================================
Received Import Request.
  Time since last request: 0.136632 seconds.
  path: Assets/TextMesh Pro/Examples & Extras/Fonts/Bangers.ttf
  artifactKey: Guid(5dd49b3eacc540408c98eee0de38e0f1) Importer(815301076,1909f56bfc062723c751e8b465ee728b)
Start importing Assets/TextMesh Pro/Examples & Extras/Fonts/Bangers.ttf using Guid(5dd49b3eacc540408c98eee0de38e0f1) Importer(815301076,1909f56bfc062723c751e8b465ee728b)  -> (artifact id: '1f7b02b23a88be1267da271d03b1551f') in 0.028473 seconds
  Import took 0.033327 seconds .

========================================================================
Received Import Request.
  Time since last request: 0.000234 seconds.
  path: Assets/TextMesh Pro/Fonts/LiberationSans.ttf
  artifactKey: Guid(e3265ab4bf004d28a9537516768c1c75) Importer(815301076,1909f56bfc062723c751e8b465ee728b)
Start importing Assets/TextMesh Pro/Fonts/LiberationSans.ttf using Guid(e3265ab4bf004d28a9537516768c1c75) Importer(815301076,1909f56bfc062723c751e8b465ee728b)  -> (artifact id: '9c7ec6a2a790a7598f2701074f94f584') in 0.020558 seconds
  Import took 0.025352 seconds .

========================================================================
Received Import Request.
  Time since last request: 0.000236 seconds.
  path: Assets/TextMesh Pro/Examples & Extras/Materials/Ground - Surface Shader Scene.mat
  artifactKey: Guid(aadd5a709a48466c887296bb5b1b8110) Importer(815301076,1909f56bfc062723c751e8b465ee728b)
Start importing Assets/TextMesh Pro/Examples & Extras/Materials/Ground - Surface Shader Scene.mat using Guid(aadd5a709a48466c887296bb5b1b8110) Importer(815301076,1909f56bfc062723c751e8b465ee728b)  -> (artifact id: 'c360e4036c1bf912e2f1468d541cfdcd') in 0.146481 seconds
  Import took 0.150202 seconds .

========================================================================
Received Import Request.
  Time since last request: 0.000202 seconds.
  path: Assets/TextMesh Pro/Resources/Fonts & Materials/LiberationSans SDF - Drop Shadow.mat
  artifactKey: Guid(e73a58f6e2794ae7b1b7e50b7fb811b0) Importer(815301076,1909f56bfc062723c751e8b465ee728b)
Start importing Assets/TextMesh Pro/Resources/Fonts & Materials/LiberationSans SDF - Drop Shadow.mat using Guid(e73a58f6e2794ae7b1b7e50b7fb811b0) Importer(815301076,1909f56bfc062723c751e8b465ee728b)  -> (artifact id: 'c194066b5ddf713208b3818b9611a53a') in 0.049521 seconds
  Import took 0.052162 seconds .

========================================================================
Received Import Request.
  Time since last request: 0.000224 seconds.
  path: Assets/TextMesh Pro/Examples & Extras/Materials/Ground - Logo Scene.mat
  artifactKey: Guid(c719e38f25a9480abd2480ab621a2949) Importer(815301076,1909f56bfc062723c751e8b465ee728b)
Start importing Assets/TextMesh Pro/Examples & Extras/Materials/Ground - Logo Scene.mat using Guid(c719e38f25a9480abd2480ab621a2949) Importer(815301076,1909f56bfc062723c751e8b465ee728b)  -> (artifact id: '407196f77304e43271adf834d04e878b') in 0.199617 seconds
  Import took 0.202896 seconds .

========================================================================
Received Import Request.
  Time since last request: 0.000278 seconds.
  path: Assets/TextMesh Pro/Examples & Extras/Resources/Fonts & Materials/LiberationSans SDF - Metalic Green.mat
  artifactKey: Guid(8b29aaa3eec7468097ff07adfcf29ac9) Importer(815301076,1909f56bfc062723c751e8b465ee728b)
Start importing Assets/TextMesh Pro/Examples & Extras/Resources/Fonts & Materials/LiberationSans SDF - Metalic Green.mat using Guid(8b29aaa3eec7468097ff07adfcf29ac9) Importer(815301076,1909f56bfc062723c751e8b465ee728b)  -> (artifact id: '2a5df4b2cbbaecbe2be523ee36f55745') in 0.159291 seconds
  Import took 0.161451 seconds .

========================================================================
Received Import Request.
  Time since last request: 0.000217 seconds.
  path: Assets/TextMesh Pro/Resources/Fonts & Materials/LiberationSans SDF - Outline.mat
  artifactKey: Guid(79459efec17a4d00a321bdcc27bbc385) Importer(815301076,1909f56bfc062723c751e8b465ee728b)
Start importing Assets/TextMesh Pro/Resources/Fonts & Materials/LiberationSans SDF - Outline.mat using Guid(79459efec17a4d00a321bdcc27bbc385) Importer(815301076,1909f56bfc062723c751e8b465ee728b)  -> (artifact id: 'a9effe56a08cd2156f7af31e426d9ac1') in 0.042784 seconds
  Import took 0.045570 seconds .

========================================================================
Received Import Request.
  Time since last request: 0.000251 seconds.
  path: Assets/TextMesh Pro/Examples & Extras/Resources/Fonts & Materials/LiberationSans SDF - Overlay.mat
  artifactKey: Guid(9ad269c99dcf42b7aedefd83dd5a7b9d) Importer(815301076,1909f56bfc062723c751e8b465ee728b)
Start importing Assets/TextMesh Pro/Examples & Extras/Resources/Fonts & Materials/LiberationSans SDF - Overlay.mat using Guid(9ad269c99dcf42b7aedefd83dd5a7b9d) Importer(815301076,1909f56bfc062723c751e8b465ee728b)  -> (artifact id: 'c19d821229c92ac56df6d6bbf59f5bdc') in 0.039833 seconds
  Import took 0.042472 seconds .

========================================================================
Received Import Request.
  Time since last request: 0.000201 seconds.
  path: Assets/TextMesh Pro/Resources/Fonts & Materials/LiberationSans SDF - Outline.mat
  artifactKey: Guid(79459efec17a4d00a321bdcc27bbc385) Importer(815301076,1909f56bfc062723c751e8b465ee728b)
Start importing Assets/TextMesh Pro/Resources/Fonts & Materials/LiberationSans SDF - Outline.mat using Guid(79459efec17a4d00a321bdcc27bbc385) Importer(815301076,1909f56bfc062723c751e8b465ee728b)  -> (artifact id: 'a9effe56a08cd2156f7af31e426d9ac1') in 0.044744 seconds
  Import took 0.047189 seconds .

========================================================================
Received Import Request.
  Time since last request: 0.000207 seconds.
  path: Assets/TextMesh Pro/Resources/Fonts & Materials/LiberationSans SDF - Fallback.asset
  artifactKey: Guid(2e498d1c8094910479dc3e1b768306a4) Importer(815301076,1909f56bfc062723c751e8b465ee728b)
Start importing Assets/TextMesh Pro/Resources/Fonts & Materials/LiberationSans SDF - Fallback.asset using Guid(2e498d1c8094910479dc3e1b768306a4) Importer(815301076,1909f56bfc062723c751e8b465ee728b)  -> (artifact id: 'ce7b026d7eb27ba79ec0f96f4fe45e1f') in 0.023661 seconds
  Import took 0.026841 seconds .

========================================================================
Received Import Request.
  Time since last request: 0.000281 seconds.
  path: Assets/TextMesh Pro/Examples & Extras/Resources/Fonts & Materials/LiberationSans SDF - Soft Mask.mat
  artifactKey: Guid(42df1c7856584b6b8db9a509b6b10074) Importer(815301076,1909f56bfc062723c751e8b465ee728b)
Start importing Assets/TextMesh Pro/Examples & Extras/Resources/Fonts & Materials/LiberationSans SDF - Soft Mask.mat using Guid(42df1c7856584b6b8db9a509b6b10074) Importer(815301076,1909f56bfc062723c751e8b465ee728b)  -> (artifact id: '52b041192b12f79cc50e2bc2a52e0910') in 0.047454 seconds
  Import took 0.049987 seconds .

========================================================================
Received Import Request.
  Time since last request: 0.133632 seconds.
  path: Assets/TextMesh Pro/Resources/Fonts & Materials/LiberationSans SDF.asset
  artifactKey: Guid(8f586378b4e144a9851e7b34d9b748ee) Importer(815301076,1909f56bfc062723c751e8b465ee728b)
Start importing Assets/TextMesh Pro/Resources/Fonts & Materials/LiberationSans SDF.asset using Guid(8f586378b4e144a9851e7b34d9b748ee) Importer(815301076,1909f56bfc062723c751e8b465ee728b)  -> (artifact id: '803899de4849cfbdf0c9d1cee658d546') in 0.076689 seconds
  Import took 0.081694 seconds .

========================================================================
Received Import Request.
  Time since last request: 0.000219 seconds.
  path: Assets/TextMesh Pro/Examples & Extras/Resources/Fonts & Materials/Oswald Bold SDF.asset
  artifactKey: Guid(0161d805a3764c089bef00bfe00793f5) Importer(815301076,1909f56bfc062723c751e8b465ee728b)
Start importing Assets/TextMesh Pro/Examples & Extras/Resources/Fonts & Materials/Oswald Bold SDF.asset using Guid(0161d805a3764c089bef00bfe00793f5) Importer(815301076,1909f56bfc062723c751e8b465ee728b)  -> (artifact id: '623ba73c6439828ec7246c7bf06b11d4') in 0.023061 seconds
  Import took 0.025887 seconds .

========================================================================
Received Import Request.
  Time since last request: 0.757960 seconds.
  path: Assets/Polytope Studio/Lowpoly_Characters/Sources/Modular_Armors/Materials/PT_Armors_Material.mat
  artifactKey: Guid(6f1a3abc3e476eb4f823f1ab4687b4ed) Importer(815301076,1909f56bfc062723c751e8b465ee728b)
Start importing Assets/Polytope Studio/Lowpoly_Characters/Sources/Modular_Armors/Materials/PT_Armors_Material.mat using Guid(6f1a3abc3e476eb4f823f1ab4687b4ed) Importer(815301076,1909f56bfc062723c751e8b465ee728b)  -> (artifact id: '46e673accff10db496f68b22f39b23ec') in 0.123561 seconds
  Import took 0.126870 seconds .

========================================================================
Received Import Request.
  Time since last request: 0.000261 seconds.
  path: Assets/Polytope Studio/Lowpoly_Village/Sources/Materials/PT_mat.mat
  artifactKey: Guid(56532089e45dbc1479865e115cc8c637) Importer(815301076,1909f56bfc062723c751e8b465ee728b)
Start importing Assets/Polytope Studio/Lowpoly_Village/Sources/Materials/PT_mat.mat using Guid(56532089e45dbc1479865e115cc8c637) Importer(815301076,1909f56bfc062723c751e8b465ee728b)  -> (artifact id: '7ce0140aea496b4b7f9b1106eec2da7c') in 0.029329 seconds
  Import took 0.032046 seconds .

========================================================================
Received Import Request.
  Time since last request: 0.000551 seconds.
  path: Assets/Polytope Studio/Lowpoly_Environments/Sources/Materials/PT_Grass_Mat.mat
  artifactKey: Guid(09473d06882d1414b84b1fdb7a095516) Importer(815301076,1909f56bfc062723c751e8b465ee728b)
Start importing Assets/Polytope Studio/Lowpoly_Environments/Sources/Materials/PT_Grass_Mat.mat using Guid(09473d06882d1414b84b1fdb7a095516) Importer(815301076,1909f56bfc062723c751e8b465ee728b)  -> (artifact id: '43ada12fba891a3c462d2226f82781f4') in 0.110544 seconds
  Import took 0.113591 seconds .

========================================================================
Received Import Request.
  Time since last request: 0.000203 seconds.
  path: Assets/Polytope Studio/Lowpoly_Village/Sources/Materials/PT_Buildings_mat.mat
  artifactKey: Guid(d55b08511377b684395dab1b9fba6a16) Importer(815301076,1909f56bfc062723c751e8b465ee728b)
Start importing Assets/Polytope Studio/Lowpoly_Village/Sources/Materials/PT_Buildings_mat.mat using Guid(d55b08511377b684395dab1b9fba6a16) Importer(815301076,1909f56bfc062723c751e8b465ee728b)  -> (artifact id: 'ffcd1b92ffe9381efd771e55a043d230') in 0.085210 seconds
  Import took 0.089372 seconds .

========================================================================
Received Import Request.
  Time since last request: 0.000236 seconds.
  path: Assets/Polytope Studio/Lowpoly_Demos/Skeleton_Free_Asset/Helpers/Materials/PT_Medieval_Armors_Material.mat
  artifactKey: Guid(07b72b41f74a7ae40b6f54bd12588685) Importer(815301076,1909f56bfc062723c751e8b465ee728b)
Start importing Assets/Polytope Studio/Lowpoly_Demos/Skeleton_Free_Asset/Helpers/Materials/PT_Medieval_Armors_Material.mat using Guid(07b72b41f74a7ae40b6f54bd12588685) Importer(815301076,1909f56bfc062723c751e8b465ee728b)  -> (artifact id: 'c102a17e72e5c7343e17dc3db0a00a19') in 0.032493 seconds
  Import took 0.036265 seconds .

========================================================================
Received Import Request.
  Time since last request: 0.000283 seconds.
  path: Assets/Polytope Studio/Lowpoly_Characters/Sources/Modular_Armors/Materials/PT_Armors_Material_Toon.mat
  artifactKey: Guid(7ded30d4b0f56544e990873fead012e8) Importer(815301076,1909f56bfc062723c751e8b465ee728b)
Start importing Assets/Polytope Studio/Lowpoly_Characters/Sources/Modular_Armors/Materials/PT_Armors_Material_Toon.mat using Guid(7ded30d4b0f56544e990873fead012e8) Importer(815301076,1909f56bfc062723c751e8b465ee728b)  -> (artifact id: '3f6d24fcee42ecfe6bdfbc7949d0a72e') in 0.197621 seconds
  Import took 0.200516 seconds .

========================================================================
Received Import Request.
  Time since last request: 0.000239 seconds.
  path: Assets/Polytope Studio/Lowpoly_Demos/Skeleton_Free_Asset/Helpers/PT_Medieval_mat 1.mat
  artifactKey: Guid(1ad12877585a4334ea6cb204d5fa93f6) Importer(815301076,1909f56bfc062723c751e8b465ee728b)
Start importing Assets/Polytope Studio/Lowpoly_Demos/Skeleton_Free_Asset/Helpers/PT_Medieval_mat 1.mat using Guid(1ad12877585a4334ea6cb204d5fa93f6) Importer(815301076,1909f56bfc062723c751e8b465ee728b)  -> (artifact id: 'd37bcbffb1df93b663420071474e6e7e') in 0.035356 seconds
  Import took 0.038530 seconds .

========================================================================
Received Import Request.
  Time since last request: 0.000217 seconds.
  path: Assets/Polytope Studio/Lowpoly_Props/Sources/Materials/PT_Props_mat.mat
  artifactKey: Guid(c681da389980e45469889866404b0744) Importer(815301076,1909f56bfc062723c751e8b465ee728b)
Start importing Assets/Polytope Studio/Lowpoly_Props/Sources/Materials/PT_Props_mat.mat using Guid(c681da389980e45469889866404b0744) Importer(815301076,1909f56bfc062723c751e8b465ee728b)  -> (artifact id: 'e133598c70990bcfa7f9205a4b25dd34') in 0.055892 seconds
  Import took 0.059530 seconds .

========================================================================
Received Import Request.
  Time since last request: 0.000193 seconds.
  path: Assets/Polytope Studio/Lowpoly_Characters/Sources/Modular_NPC/Materials/PT_NPC_Mat.mat
  artifactKey: Guid(c79855c6f54ed954293d041acc3120a8) Importer(815301076,1909f56bfc062723c751e8b465ee728b)
Start importing Assets/Polytope Studio/Lowpoly_Characters/Sources/Modular_NPC/Materials/PT_NPC_Mat.mat using Guid(c79855c6f54ed954293d041acc3120a8) Importer(815301076,1909f56bfc062723c751e8b465ee728b)  -> (artifact id: '7f220eaea987ff7df364eba30923d7fe') in 0.034440 seconds
  Import took 0.092039 seconds .

========================================================================
Received Import Request.
  Time since last request: 0.000288 seconds.
  path: Assets/Polytope Studio/Lowpoly_Demos/Skeleton_Free_Asset/Helpers/Materials/PT_Medieval_mat.mat
  artifactKey: Guid(bb3f1a1b338b64444a5910817d83bb93) Importer(815301076,1909f56bfc062723c751e8b465ee728b)
Start importing Assets/Polytope Studio/Lowpoly_Demos/Skeleton_Free_Asset/Helpers/Materials/PT_Medieval_mat.mat using Guid(bb3f1a1b338b64444a5910817d83bb93) Importer(815301076,1909f56bfc062723c751e8b465ee728b)  -> (artifact id: '9e0d9eb4bca85b1e44357850bd62732d') in 0.051634 seconds
  Import took 0.054316 seconds .

========================================================================
Received Import Request.
  Time since last request: 0.000263 seconds.
  path: Assets/Polytope Studio/Lowpoly_Demos/Skeleton_Free_Asset/Helpers/Lowpoly Medieval Weapons 1/Sources/Materials/PT_Medieval_mat.mat
  artifactKey: Guid(934c3bb0a19224a4a9f9b6b7f306e2a4) Importer(815301076,1909f56bfc062723c751e8b465ee728b)
Start importing Assets/Polytope Studio/Lowpoly_Demos/Skeleton_Free_Asset/Helpers/Lowpoly Medieval Weapons 1/Sources/Materials/PT_Medieval_mat.mat using Guid(934c3bb0a19224a4a9f9b6b7f306e2a4) Importer(815301076,1909f56bfc062723c751e8b465ee728b)  -> (artifact id: '48d5dfbe58dd5707eddab9254c23dec0') in 0.027739 seconds
  Import took 0.030770 seconds .

========================================================================
Received Import Request.
  Time since last request: 0.012360 seconds.
  path: Assets/Polytope Studio/Lowpoly_Weapons/Sources/Materials/PT_Weapons_Material.mat
  artifactKey: Guid(d20ab871c62edf04facff84d4ce183b5) Importer(815301076,1909f56bfc062723c751e8b465ee728b)
Start importing Assets/Polytope Studio/Lowpoly_Weapons/Sources/Materials/PT_Weapons_Material.mat using Guid(d20ab871c62edf04facff84d4ce183b5) Importer(815301076,1909f56bfc062723c751e8b465ee728b)  -> (artifact id: 'e695eadd5196f843053bd2fb292913d6') in 0.074805 seconds
  Import took 0.077922 seconds .

========================================================================
Received Import Request.
  Time since last request: 0.000259 seconds.
  path: Assets/Polytope Studio/Lowpoly_Demos/Skeleton_Free_Asset/Helpers/Skybox.mat
  artifactKey: Guid(71ab0d4e00afc78418b59beb2191baf5) Importer(815301076,1909f56bfc062723c751e8b465ee728b)
Start importing Assets/Polytope Studio/Lowpoly_Demos/Skeleton_Free_Asset/Helpers/Skybox.mat using Guid(71ab0d4e00afc78418b59beb2191baf5) Importer(815301076,1909f56bfc062723c751e8b465ee728b)  -> (artifact id: 'c98ea4bbc4f7e0a52d8e60d7ab899813') in 0.062108 seconds
  Import took 0.064625 seconds .

========================================================================
Received Import Request.
  Time since last request: 0.000191 seconds.
  path: Assets/TextMesh Pro/Examples & Extras/Resources/Fonts & Materials/Roboto-Bold SDF - Drop Shadow.mat
  artifactKey: Guid(b246c4190f4e46ec9352fe15a7b09ce0) Importer(815301076,1909f56bfc062723c751e8b465ee728b)
Start importing Assets/TextMesh Pro/Examples & Extras/Resources/Fonts & Materials/Roboto-Bold SDF - Drop Shadow.mat using Guid(b246c4190f4e46ec9352fe15a7b09ce0) Importer(815301076,1909f56bfc062723c751e8b465ee728b)  -> (artifact id: '4ecc3312708d501c5947dd90e5fd0aa9') in 0.028273 seconds
  Import took 0.030756 seconds .

========================================================================
Received Import Request.
  Time since last request: 0.000187 seconds.
  path: Assets/TextMesh Pro/Examples & Extras/Resources/Fonts & Materials/Roboto-Bold SDF.asset
  artifactKey: Guid(5302535af1044152a457ed104f1f4b91) Importer(815301076,1909f56bfc062723c751e8b465ee728b)
Start importing Assets/TextMesh Pro/Examples & Extras/Resources/Fonts & Materials/Roboto-Bold SDF.asset using Guid(5302535af1044152a457ed104f1f4b91) Importer(815301076,1909f56bfc062723c751e8b465ee728b)  -> (artifact id: 'aa6efc2fe6c1c3ae175f5b8522c8d125') in 0.032087 seconds
  Import took 0.034498 seconds .

========================================================================
Received Import Request.
  Time since last request: 0.000209 seconds.
  path: Assets/TextMesh Pro/Examples & Extras/Resources/Fonts & Materials/Roboto-Bold SDF - Surface.mat
  artifactKey: Guid(e6b276ec991f467aa14ef1f3cc665993) Importer(815301076,1909f56bfc062723c751e8b465ee728b)
Start importing Assets/TextMesh Pro/Examples & Extras/Resources/Fonts & Materials/Roboto-Bold SDF - Surface.mat using Guid(e6b276ec991f467aa14ef1f3cc665993) Importer(815301076,1909f56bfc062723c751e8b465ee728b)  -> (artifact id: '7789afcf324831b24677d2d21593a8be') in 0.145992 seconds
  Import took 0.148510 seconds .

========================================================================
Received Import Request.
  Time since last request: 0.000322 seconds.
  path: Assets/TextMesh Pro/Examples & Extras/Materials/Small Crate_diffuse.mat
  artifactKey: Guid(22262639920f43d6be32430e4e58350d) Importer(815301076,1909f56bfc062723c751e8b465ee728b)
Start importing Assets/TextMesh Pro/Examples & Extras/Materials/Small Crate_diffuse.mat using Guid(22262639920f43d6be32430e4e58350d) Importer(815301076,1909f56bfc062723c751e8b465ee728b)  -> (artifact id: '0e02819ac011283e93b8e7338412503d') in 0.153186 seconds
  Import took 0.155783 seconds .

========================================================================
Received Import Request.
  Time since last request: 57.328578 seconds.
  path: Assets/Materials/Estoura osso!.png
  artifactKey: Guid(b66905a82ab959e49b9caa6b39f9216a) Importer(815301076,1909f56bfc062723c751e8b465ee728b)
Start importing Assets/Materials/Estoura osso!.png using Guid(b66905a82ab959e49b9caa6b39f9216a) Importer(815301076,1909f56bfc062723c751e8b465ee728b)  -> (artifact id: 'ee36b5aa6d90fd65a02b6c74ea36e6d0') in 0.044627 seconds
  Import took 0.048688 seconds .

========================================================================
Received Import Request.
  Time since last request: 275.630295 seconds.
  path: Assets/Materials/imagem_2024-09-18_003333052-removebg-preview.png
  artifactKey: Guid(2ac42e704b1c3d147966c2f73dd3dce2) Importer(815301076,1909f56bfc062723c751e8b465ee728b)
Start importing Assets/Materials/imagem_2024-09-18_003333052-removebg-preview.png using Guid(2ac42e704b1c3d147966c2f73dd3dce2) Importer(815301076,1909f56bfc062723c751e8b465ee728b)  -> (artifact id: '1a22dddb110bff3c8e257522db5e7fb6') in 0.019896 seconds
  Import took 0.023685 seconds .

========================================================================
Received Import Request.
  Time since last request: 9.948160 seconds.
  path: Assets/Materials/imagem_2024-09-18_003333052-removebg-preview.png
  artifactKey: Guid(2ac42e704b1c3d147966c2f73dd3dce2) Importer(815301076,1909f56bfc062723c751e8b465ee728b)
Start importing Assets/Materials/imagem_2024-09-18_003333052-removebg-preview.png using Guid(2ac42e704b1c3d147966c2f73dd3dce2) Importer(815301076,1909f56bfc062723c751e8b465ee728b)  -> (artifact id: '0a752c3f362d1f0c66061192bc56435c') in 0.018225 seconds
  Import took 0.022199 seconds .

========================================================================
Received Import Request.
  Time since last request: 224.621896 seconds.
  path: Assets/Scenes/Menu.scenetemplate
  artifactKey: Guid(b04df01b692e2654c819cd35fccdceee) Importer(815301076,1909f56bfc062723c751e8b465ee728b)
Start importing Assets/Scenes/Menu.scenetemplate using Guid(b04df01b692e2654c819cd35fccdceee) Importer(815301076,1909f56bfc062723c751e8b465ee728b)  -> (artifact id: 'c2eafe385c914abe9ee40c699c17d205') in 0.079298 seconds
  Import took 0.082703 seconds .

========================================================================
Received Import Request.
  Time since last request: 0.001572 seconds.
  path: Assets/Scenes/Menu.scenetemplate
  artifactKey: Guid(b04df01b692e2654c819cd35fccdceee) Importer(815301076,1909f56bfc062723c751e8b465ee728b)
Start importing Assets/Scenes/Menu.scenetemplate using Guid(b04df01b692e2654c819cd35fccdceee) Importer(815301076,1909f56bfc062723c751e8b465ee728b)  -> (artifact id: 'c2eafe385c914abe9ee40c699c17d205') in 0.048665 seconds
  Import took 0.054223 seconds .

========================================================================
Received Prepare
Registering precompiled user dll's ...
Registered in 0.000966 seconds.
Begin MonoManager ReloadAssembly
Native extension for WindowsStandalone target not found
Refreshing native plugins compatible for Editor in 0.27 ms, found 0 plugins.
Preloading 0 native plugins for Editor in 0.00 ms.
Invoked RoslynAnalysisRunner static constructor.
RoslynAnalysisRunner will not be running.
RoslynAnalysisRunner has terminated.
Mono: successfully reloaded assembly
- Completed reload, in  1.005 seconds
Platform modules already initialized, skipping
Refreshing native plugins compatible for Editor in 0.29 ms, found 0 plugins.
Preloading 0 native plugins for Editor in 0.00 ms.
Unloading 1145 Unused Serialized files (Serialized files now loaded: 0)
System memory in use before: 68.9 MB.
System memory in use after: 69.0 MB.

Unloading 4 unused Assets to reduce memory usage. Loaded Objects now: 1673.
Total: 2.163400 ms (FindLiveObjects: 0.203900 ms CreateObjectMapping: 0.098400 ms MarkObjects: 1.843500 ms  DeleteObjects: 0.016100 ms)

========================================================================
Received Prepare
Registering precompiled user dll's ...
Registered in 0.001210 seconds.
Begin MonoManager ReloadAssembly
Native extension for WindowsStandalone target not found
Refreshing native plugins compatible for Editor in 0.31 ms, found 0 plugins.
Preloading 0 native plugins for Editor in 0.00 ms.
Invoked RoslynAnalysisRunner static constructor.
RoslynAnalysisRunner will not be running.
RoslynAnalysisRunner has terminated.
Mono: successfully reloaded assembly
- Completed reload, in  2.179 seconds
Platform modules already initialized, skipping
Refreshing native plugins compatible for Editor in 0.33 ms, found 0 plugins.
Preloading 0 native plugins for Editor in 0.00 ms.
Unloading 1145 Unused Serialized files (Serialized files now loaded: 0)
System memory in use before: 68.9 MB.
System memory in use after: 69.0 MB.

Unloading 4 unused Assets to reduce memory usage. Loaded Objects now: 1676.
Total: 27.046500 ms (FindLiveObjects: 0.223300 ms CreateObjectMapping: 0.053300 ms MarkObjects: 26.748100 ms  DeleteObjects: 0.019400 ms)

========================================================================
Received Import Request.
  Time since last request: 1216.405677 seconds.
  path: Assets/Materials/Osso button.png
  artifactKey: Guid(09bcd41e8513e5246bb4e85652e93899) Importer(815301076,1909f56bfc062723c751e8b465ee728b)
Start importing Assets/Materials/Osso button.png using Guid(09bcd41e8513e5246bb4e85652e93899) Importer(815301076,1909f56bfc062723c751e8b465ee728b)  -> (artifact id: '6f2c49e6405dd5cbf5f703c8c86f8bc3') in 0.072364 seconds
  Import took 0.076881 seconds .

========================================================================
Received Import Request.
  Time since last request: 13.756055 seconds.
  path: Assets/Materials/Osso button.png
  artifactKey: Guid(09bcd41e8513e5246bb4e85652e93899) Importer(815301076,1909f56bfc062723c751e8b465ee728b)
Start importing Assets/Materials/Osso button.png using Guid(09bcd41e8513e5246bb4e85652e93899) Importer(815301076,1909f56bfc062723c751e8b465ee728b)  -> (artifact id: '2824862af70ea34f8e9d5947fc4f142b') in 0.031482 seconds
  Import took 0.034613 seconds .

========================================================================
Received Prepare
Registering precompiled user dll's ...
Registered in 0.001063 seconds.
Begin MonoManager ReloadAssembly
Native extension for WindowsStandalone target not found
Refreshing native plugins compatible for Editor in 0.28 ms, found 0 plugins.
Preloading 0 native plugins for Editor in 0.00 ms.
Invoked RoslynAnalysisRunner static constructor.
RoslynAnalysisRunner will not be running.
RoslynAnalysisRunner has terminated.
Mono: successfully reloaded assembly
- Completed reload, in  1.287 seconds
Platform modules already initialized, skipping
Refreshing native plugins compatible for Editor in 0.39 ms, found 0 plugins.
Preloading 0 native plugins for Editor in 0.00 ms.
Unloading 1145 Unused Serialized files (Serialized files now loaded: 0)
System memory in use before: 68.9 MB.
System memory in use after: 69.0 MB.

Unloading 4 unused Assets to reduce memory usage. Loaded Objects now: 1680.
Total: 2.084100 ms (FindLiveObjects: 0.192500 ms CreateObjectMapping: 0.087600 ms MarkObjects: 1.784900 ms  DeleteObjects: 0.017500 ms)

========================================================================
Received Prepare
Registering precompiled user dll's ...
Registered in 0.000829 seconds.
Begin MonoManager ReloadAssembly
Native extension for WindowsStandalone target not found
Refreshing native plugins compatible for Editor in 0.27 ms, found 0 plugins.
Preloading 0 native plugins for Editor in 0.00 ms.
Invoked RoslynAnalysisRunner static constructor.
RoslynAnalysisRunner will not be running.
RoslynAnalysisRunner has terminated.
Mono: successfully reloaded assembly
- Completed reload, in  0.970 seconds
Platform modules already initialized, skipping
Refreshing native plugins compatible for Editor in 0.27 ms, found 0 plugins.
Preloading 0 native plugins for Editor in 0.00 ms.
Unloading 1145 Unused Serialized files (Serialized files now loaded: 0)
System memory in use before: 68.9 MB.
System memory in use after: 69.0 MB.

Unloading 4 unused Assets to reduce memory usage. Loaded Objects now: 1683.
Total: 2.005900 ms (FindLiveObjects: 0.166400 ms CreateObjectMapping: 0.054200 ms MarkObjects: 1.756300 ms  DeleteObjects: 0.027000 ms)

========================================================================
Received Import Request.
  Time since last request: 781.616089 seconds.
  path: Assets/Materials/imagem_2024-09-18_011014477-removebg-preview.png
  artifactKey: Guid(f5068d52d74d7fe448e189b34efaeccd) Importer(815301076,1909f56bfc062723c751e8b465ee728b)
Start importing Assets/Materials/imagem_2024-09-18_011014477-removebg-preview.png using Guid(f5068d52d74d7fe448e189b34efaeccd) Importer(815301076,1909f56bfc062723c751e8b465ee728b)  -> (artifact id: 'ce25426dd62c507e9e99a787b08db77b') in 0.052106 seconds
  Import took 0.055660 seconds .

========================================================================
Received Import Request.
  Time since last request: 0.000229 seconds.
  path: Assets/Materials/imagem_2024-09-18_011219562-removebg-preview.png
  artifactKey: Guid(fe564ff7fdb5d0546b865465c001ab5e) Importer(815301076,1909f56bfc062723c751e8b465ee728b)
Start importing Assets/Materials/imagem_2024-09-18_011219562-removebg-preview.png using Guid(fe564ff7fdb5d0546b865465c001ab5e) Importer(815301076,1909f56bfc062723c751e8b465ee728b)  -> (artifact id: '66ba2a2295f8cb0c615eed05a98b5b00') in 0.013318 seconds
  Import took 0.016474 seconds .

========================================================================
Received Import Request.
  Time since last request: 11.420214 seconds.
  path: Assets/Materials/imagem_2024-09-18_011014477-removebg-preview.png
  artifactKey: Guid(f5068d52d74d7fe448e189b34efaeccd) Importer(815301076,1909f56bfc062723c751e8b465ee728b)
Start importing Assets/Materials/imagem_2024-09-18_011014477-removebg-preview.png using Guid(f5068d52d74d7fe448e189b34efaeccd) Importer(815301076,1909f56bfc062723c751e8b465ee728b)  -> (artifact id: 'e4050968783e63ef3e09a0fec3c46aca') in 0.046677 seconds
  Import took 0.050072 seconds .

========================================================================
Received Import Request.
  Time since last request: 0.000203 seconds.
  path: Assets/Materials/imagem_2024-09-18_011219562-removebg-preview.png
  artifactKey: Guid(fe564ff7fdb5d0546b865465c001ab5e) Importer(815301076,1909f56bfc062723c751e8b465ee728b)
Start importing Assets/Materials/imagem_2024-09-18_011219562-removebg-preview.png using Guid(fe564ff7fdb5d0546b865465c001ab5e) Importer(815301076,1909f56bfc062723c751e8b465ee728b)  -> (artifact id: 'c75930ab984158cd82927be412dcee82') in 0.030252 seconds
  Import took 0.033413 seconds .

========================================================================
Received Import Request.
  Time since last request: 589.701337 seconds.
  path: Assets/Scripts/MenuPrincipal.cs
  artifactKey: Guid(072ebfd618b98b04ca3977fa028641f4) Importer(815301076,1909f56bfc062723c751e8b465ee728b)
Start importing Assets/Scripts/MenuPrincipal.cs using Guid(072ebfd618b98b04ca3977fa028641f4) Importer(815301076,1909f56bfc062723c751e8b465ee728b)  -> (artifact id: 'fff196e8e74cc864d55f8a635a0df2cb') in 0.046921 seconds
  Import took 0.049625 seconds .

========================================================================
Received Prepare
Registering precompiled user dll's ...
Registered in 0.002591 seconds.
Begin MonoManager ReloadAssembly
Native extension for WindowsStandalone target not found
Refreshing native plugins compatible for Editor in 0.26 ms, found 0 plugins.
Preloading 0 native plugins for Editor in 0.00 ms.
Invoked RoslynAnalysisRunner static constructor.
RoslynAnalysisRunner will not be running.
RoslynAnalysisRunner has terminated.
Mono: successfully reloaded assembly
- Completed reload, in  1.116 seconds
Platform modules already initialized, skipping
Refreshing native plugins compatible for Editor in 0.28 ms, found 0 plugins.
Preloading 0 native plugins for Editor in 0.00 ms.
Unloading 1146 Unused Serialized files (Serialized files now loaded: 0)
System memory in use before: 69.0 MB.
System memory in use after: 69.1 MB.

Unloading 4 unused Assets to reduce memory usage. Loaded Objects now: 1693.
Total: 2.059300 ms (FindLiveObjects: 0.195700 ms CreateObjectMapping: 0.060000 ms MarkObjects: 1.776600 ms  DeleteObjects: 0.025200 ms)

========================================================================
Received Import Request.
  Time since last request: 400.958901 seconds.
  path: Assets/Scripts/MenuPrincipal.cs
  artifactKey: Guid(072ebfd618b98b04ca3977fa028641f4) Importer(815301076,1909f56bfc062723c751e8b465ee728b)
Start importing Assets/Scripts/MenuPrincipal.cs using Guid(072ebfd618b98b04ca3977fa028641f4) Importer(815301076,1909f56bfc062723c751e8b465ee728b)  -> (artifact id: '804ce183c1b8bdfec2a7b0d06fee7a1e') in 0.008068 seconds
  Import took 0.014188 seconds .

========================================================================
Received Import Request.
  Time since last request: 0.023621 seconds.
  path: Assets/Scripts/MenuPrincipal.cs
  artifactKey: Guid(072ebfd618b98b04ca3977fa028641f4) Importer(815301076,1909f56bfc062723c751e8b465ee728b)
Start importing Assets/Scripts/MenuPrincipal.cs using Guid(072ebfd618b98b04ca3977fa028641f4) Importer(815301076,1909f56bfc062723c751e8b465ee728b)  -> (artifact id: '804ce183c1b8bdfec2a7b0d06fee7a1e') in 0.009241 seconds
  Import took 0.011681 seconds .

========================================================================
Received Prepare
Registering precompiled user dll's ...
Registered in 0.000845 seconds.
Begin MonoManager ReloadAssembly
Native extension for WindowsStandalone target not found
Refreshing native plugins compatible for Editor in 0.27 ms, found 0 plugins.
Preloading 0 native plugins for Editor in 0.00 ms.
Invoked RoslynAnalysisRunner static constructor.
RoslynAnalysisRunner will not be running.
RoslynAnalysisRunner has terminated.
Mono: successfully reloaded assembly
- Completed reload, in  0.941 seconds
Platform modules already initialized, skipping
Refreshing native plugins compatible for Editor in 0.29 ms, found 0 plugins.
Preloading 0 native plugins for Editor in 0.00 ms.
Unloading 1146 Unused Serialized files (Serialized files now loaded: 0)
System memory in use before: 69.0 MB.
System memory in use after: 69.1 MB.

Unloading 4 unused Assets to reduce memory usage. Loaded Objects now: 1696.
Total: 1.833000 ms (FindLiveObjects: 0.189600 ms CreateObjectMapping: 0.063100 ms MarkObjects: 1.556700 ms  DeleteObjects: 0.022000 ms)

========================================================================
Received Prepare
Registering precompiled user dll's ...
Registered in 0.001170 seconds.
Begin MonoManager ReloadAssembly
Native extension for WindowsStandalone target not found
Refreshing native plugins compatible for Editor in 0.27 ms, found 0 plugins.
Preloading 0 native plugins for Editor in 0.00 ms.
Invoked RoslynAnalysisRunner static constructor.
RoslynAnalysisRunner will not be running.
RoslynAnalysisRunner has terminated.
Mono: successfully reloaded assembly
- Completed reload, in  0.967 seconds
Platform modules already initialized, skipping
Refreshing native plugins compatible for Editor in 0.28 ms, found 0 plugins.
Preloading 0 native plugins for Editor in 0.00 ms.
Unloading 1146 Unused Serialized files (Serialized files now loaded: 0)
System memory in use before: 69.0 MB.
System memory in use after: 69.1 MB.

Unloading 4 unused Assets to reduce memory usage. Loaded Objects now: 1699.
Total: 2.186400 ms (FindLiveObjects: 0.209600 ms CreateObjectMapping: 0.051100 ms MarkObjects: 1.909000 ms  DeleteObjects: 0.015100 ms)

========================================================================
Received Import Request.
  Time since last request: 492.613619 seconds.
  path: Assets/Scenes/Joguinho.unity
  artifactKey: Guid(7b159576aae66e94481bfa85b57b38a4) Importer(815301076,1909f56bfc062723c751e8b465ee728b)
Start importing Assets/Scenes/Joguinho.unity using Guid(7b159576aae66e94481bfa85b57b38a4) Importer(815301076,1909f56bfc062723c751e8b465ee728b)  -> (artifact id: 'b1f8539e56937ed7b3398b71e251fc16') in 0.027413 seconds
  Import took 0.031506 seconds .

========================================================================
Received Prepare
Registering precompiled user dll's ...
Registered in 0.000959 seconds.
Begin MonoManager ReloadAssembly
Native extension for WindowsStandalone target not found
Refreshing native plugins compatible for Editor in 0.27 ms, found 0 plugins.
Preloading 0 native plugins for Editor in 0.00 ms.
Invoked RoslynAnalysisRunner static constructor.
RoslynAnalysisRunner will not be running.
RoslynAnalysisRunner has terminated.
Mono: successfully reloaded assembly
- Completed reload, in  0.958 seconds
Platform modules already initialized, skipping
Refreshing native plugins compatible for Editor in 0.27 ms, found 0 plugins.
Preloading 0 native plugins for Editor in 0.00 ms.
Unloading 1146 Unused Serialized files (Serialized files now loaded: 0)
System memory in use before: 69.0 MB.
System memory in use after: 69.1 MB.

Unloading 4 unused Assets to reduce memory usage. Loaded Objects now: 1702.
Total: 1.936700 ms (FindLiveObjects: 0.221800 ms CreateObjectMapping: 0.053900 ms MarkObjects: 1.636400 ms  DeleteObjects: 0.023100 ms)

========================================================================
Received Import Request.
  Time since last request: 204.647733 seconds.
  path: Assets/Scenes/Menu.unity
  artifactKey: Guid(6cdff02b5993f7d4fa011c152a83e0e0) Importer(815301076,1909f56bfc062723c751e8b465ee728b)
Start importing Assets/Scenes/Menu.unity using Guid(6cdff02b5993f7d4fa011c152a83e0e0) Importer(815301076,1909f56bfc062723c751e8b465ee728b)  -> (artifact id: 'a0ca44b1aa53de59e3f4d2f4ac45fbb7') in 0.024412 seconds
  Import took 0.028209 seconds .

========================================================================
Received Import Request.
  Time since last request: 94.659588 seconds.
  path: Assets/Scenes/Joguinho.unity
  artifactKey: Guid(7b159576aae66e94481bfa85b57b38a4) Importer(815301076,1909f56bfc062723c751e8b465ee728b)
Start importing Assets/Scenes/Joguinho.unity using Guid(7b159576aae66e94481bfa85b57b38a4) Importer(815301076,1909f56bfc062723c751e8b465ee728b)  -> (artifact id: '950b7ba442fbad6bcb608832be8f4095') in 0.005495 seconds
  Import took 0.008789 seconds .

========================================================================
Received Prepare
Registering precompiled user dll's ...
Registered in 0.000809 seconds.
Begin MonoManager ReloadAssembly
Native extension for WindowsStandalone target not found
Refreshing native plugins compatible for Editor in 0.26 ms, found 0 plugins.
Preloading 0 native plugins for Editor in 0.00 ms.
Invoked RoslynAnalysisRunner static constructor.
RoslynAnalysisRunner will not be running.
RoslynAnalysisRunner has terminated.
Mono: successfully reloaded assembly
- Completed reload, in  0.956 seconds
Platform modules already initialized, skipping
Refreshing native plugins compatible for Editor in 0.27 ms, found 0 plugins.
Preloading 0 native plugins for Editor in 0.00 ms.
Unloading 1146 Unused Serialized files (Serialized files now loaded: 0)
System memory in use before: 69.0 MB.
System memory in use after: 69.1 MB.

Unloading 4 unused Assets to reduce memory usage. Loaded Objects now: 1705.
Total: 1.993100 ms (FindLiveObjects: 0.211900 ms CreateObjectMapping: 0.058200 ms MarkObjects: 1.704100 ms  DeleteObjects: 0.017100 ms)

========================================================================
Received Prepare
Refreshing native plugins compatible for Editor in 1.43 ms, found 0 plugins.
Preloading 0 native plugins for Editor in 0.00 ms.
Unloading 2 Unused Serialized files (Serialized files now loaded: 0)
System memory in use before: 46.3 MB.
System memory in use after: 46.4 MB.

Unloading 2 unused Assets to reduce memory usage. Loaded Objects now: 1705.
Total: 2.432200 ms (FindLiveObjects: 0.178200 ms CreateObjectMapping: 0.053900 ms MarkObjects: 2.180400 ms  DeleteObjects: 0.018000 ms)

AssetImportWorkerClient::OnTransportError - code=2 error=End of file
